  Assembling dp61.asm...
dp61.obj : error LNK2019: 无法解析的外部符号 _printf，该符号在函数 _main@0 中被引用
D:\Github-repository\Assemble-Language\project6\6-10\Project2\Debug\Project2.exe : fatal error LNK1120: 1 个无法解析的外部命令
